<?xml version="1.0" encoding="UTF-8"?>
<testsuite name="Computer Test Case"
           tests="2"
           failures="0"
           errors="0"
           skipped="0"
           time="11.369">
  <properties />
  
  
            <testcase name="addProductToShoppingCart" time="10.152" classname="com.nopcommerce.demo.testsuite.ComputerTestCase" />
                <testcase name="userShouldNavigateToComputerPage" time="1.217" classname="com.nopcommerce.demo.testsuite.ComputerTestCase" />
      
</testsuite>
