<?xml version="1.0" encoding="UTF-8"?>
<testsuite name="Registration Test Case"
           tests="2"
           failures="0"
           errors="0"
           skipped="0"
           time="10.404">
  <properties />
  
  
            <testcase name="userShouldNavigateToRegisterPageSuccessfully" time="1.178" classname="com.nopcommerce.demo.testsuite.RegisterTestCase" />
                <testcase name="userShouldRegisterSuccessfullyAndLoginUsingSameCredentials" time="9.226" classname="com.nopcommerce.demo.testsuite.RegisterTestCase" />
      
</testsuite>
